<?xml version="1.0" encoding="UTF-8"?>
<!-- Generated by org.testng.reporters.JUnitXMLReporter -->
<testsuite ignored="6" hostname="LTIN201460" failures="0" tests="4" name="chrometest" time="253.072" errors="0" timestamp="2024-02-29T11:48:52 IST">
  <testcase classname="testing.TC001_Doctor_Details" name="Get_Doctor_Details" time="125.404"/>
  <testcase classname="testing.TC002_Surgeries" name="get_Surgeries_List" time="4.305"/>
  <testcase classname="testing.TC003_Set_Wrong_Details" name="set_Wrong_Details" time="37.711"/>
  <testcase classname="testing.TC004_Set_Correct_Details" name="set_Correct_Details" time="25.46"/>
  <testcase classname="testing.BaseClass" name="@BeforeTest Intiate_WebDriver" time="0.0">
    <ignored/>
  </testcase> <!-- @BeforeTest Intiate_WebDriver -->
  <testcase classname="testing.BaseClass" name="@AfterTest Close_Driver" time="0.0">
    <ignored/>
  </testcase> <!-- @AfterTest Close_Driver -->
  <testcase classname="testing.BaseClass" name="@BeforeTest Intiate_WebDriver" time="0.0">
    <ignored/>
  </testcase> <!-- @BeforeTest Intiate_WebDriver -->
  <testcase classname="testing.BaseClass" name="@AfterTest Close_Driver" time="0.0">
    <ignored/>
  </testcase> <!-- @AfterTest Close_Driver -->
  <testcase classname="testing.BaseClass" name="@AfterTest Close_Driver" time="0.0">
    <ignored/>
  </testcase> <!-- @AfterTest Close_Driver -->
  <testcase classname="testing.BaseClass" name="@BeforeTest Intiate_WebDriver" time="0.0">
    <ignored/>
  </testcase> <!-- @BeforeTest Intiate_WebDriver -->
</testsuite> <!-- chrometest -->
